<?xml version="1.0" encoding="UTF-8"?>
<testsuite xmlns:xsi="http://www.w3.org/2001/XMLSchema-instance" xsi:noNamespaceSchemaLocation="https://maven.apache.org/surefire/maven-surefire-plugin/xsd/surefire-test-report.xsd" name="Testminus" time="0.095" tests="3" errors="0" skipped="0" failures="0">
  <properties>
    <property name="sun.desktop" value="windows"/>
    <property name="awt.toolkit" value="sun.awt.windows.WToolkit"/>
    <property name="file.encoding.pkg" value="sun.io"/>
    <property name="java.specification.version" value="1.8"/>
    <property name="sun.cpu.isalist" value="amd64"/>
    <property name="sun.jnu.encoding" value="Cp1251"/>
    <property name="java.class.path" value="C:\Users\Presenter\IdeaProjects\calculator\target\test-classes;C:\Users\Presenter\IdeaProjects\calculator\target\classes;C:\Users\Presenter\.m2\repository\junit\junit\4.12\junit-4.12.jar;C:\Users\Presenter\.m2\repository\org\hamcrest\hamcrest-core\1.3\hamcrest-core-1.3.jar;"/>
    <property name="java.vm.vendor" value="JetBrains s.r.o"/>
    <property name="sun.arch.data.model" value="64"/>
    <property name="user.variant" value=""/>
    <property name="java.vendor.url" value="https://www.jetbrains.com/"/>
    <property name="user.timezone" value="Europe/Moscow"/>
    <property name="java.vm.specification.version" value="1.8"/>
    <property name="os.name" value="Windows 10"/>
    <property name="user.country" value="RU"/>
    <property name="sun.java.launcher" value="SUN_STANDARD"/>
    <property name="sun.boot.library.path" value="C:\Program Files\JetBrains\IntelliJ IDEA Community Edition 2018.2.7\jre64\bin"/>
    <property name="sun.java.command" value="C:\Users\PRESEN~1\AppData\Local\Temp\surefire5007493609927154588\surefirebooter1458628704864627340.jar C:\Users\Presenter\AppData\Local\Temp\surefire5007493609927154588 2018-11-28T18-00-54_012-jvmRun1 surefire1537624684841154966tmp surefire_04012956060830348824tmp"/>
    <property name="surefire.test.class.path" value="C:\Users\Presenter\IdeaProjects\calculator\target\test-classes;C:\Users\Presenter\IdeaProjects\calculator\target\classes;C:\Users\Presenter\.m2\repository\junit\junit\4.12\junit-4.12.jar;C:\Users\Presenter\.m2\repository\org\hamcrest\hamcrest-core\1.3\hamcrest-core-1.3.jar;"/>
    <property name="sun.cpu.endian" value="little"/>
    <property name="user.home" value="C:\Users\Presenter"/>
    <property name="user.language" value="ru"/>
    <property name="java.specification.vendor" value="Oracle Corporation"/>
    <property name="java.home" value="C:\Program Files\JetBrains\IntelliJ IDEA Community Edition 2018.2.7\jre64"/>
    <property name="basedir" value="C:\Users\Presenter\IdeaProjects\calculator"/>
    <property name="file.separator" value="\"/>
    <property name="line.separator" value="&#10;"/>
    <property name="java.vm.specification.vendor" value="Oracle Corporation"/>
    <property name="java.specification.name" value="Java Platform API Specification"/>
    <property name="java.awt.graphicsenv" value="sun.awt.Win32GraphicsEnvironment"/>
    <property name="surefire.real.class.path" value="C:\Users\PRESEN~1\AppData\Local\Temp\surefire5007493609927154588\surefirebooter1458628704864627340.jar"/>
    <property name="sun.boot.class.path" value="C:\Program Files\JetBrains\IntelliJ IDEA Community Edition 2018.2.7\jre64\lib\resources.jar;C:\Program Files\JetBrains\IntelliJ IDEA Community Edition 2018.2.7\jre64\lib\rt.jar;C:\Program Files\JetBrains\IntelliJ IDEA Community Edition 2018.2.7\jre64\lib\sunrsasign.jar;C:\Program Files\JetBrains\IntelliJ IDEA Community Edition 2018.2.7\jre64\lib\jsse.jar;C:\Program Files\JetBrains\IntelliJ IDEA Community Edition 2018.2.7\jre64\lib\jce.jar;C:\Program Files\JetBrains\IntelliJ IDEA Community Edition 2018.2.7\jre64\lib\charsets.jar;C:\Program Files\JetBrains\IntelliJ IDEA Community Edition 2018.2.7\jre64\lib\jfr.jar;C:\Program Files\JetBrains\IntelliJ IDEA Community Edition 2018.2.7\jre64\classes"/>
    <property name="user.script" value=""/>
    <property name="sun.management.compiler" value="HotSpot 64-Bit Tiered Compilers"/>
    <property name="java.runtime.version" value="1.8.0_152-release-1248-b22"/>
    <property name="user.name" value="Presenter"/>
    <property name="path.separator" value=";"/>
    <property name="os.version" value="10.0"/>
    <property name="java.endorsed.dirs" value="C:\Program Files\JetBrains\IntelliJ IDEA Community Edition 2018.2.7\jre64\lib\endorsed"/>
    <property name="java.runtime.name" value="OpenJDK Runtime Environment"/>
    <property name="file.encoding" value="Cp1251"/>
    <property name="java.vm.name" value="OpenJDK 64-Bit Server VM"/>
    <property name="localRepository" value="C:\Users\Presenter\.m2\repository"/>
    <property name="java.vendor.url.bug" value="https://youtrack.jetbrains.com"/>
    <property name="java.io.tmpdir" value="C:\Users\PRESEN~1\AppData\Local\Temp\"/>
    <property name="idea.version" value="2018.2.7"/>
    <property name="java.version" value="1.8.0_152-release"/>
    <property name="user.dir" value="C:\Users\Presenter\IdeaProjects\calculator"/>
    <property name="os.arch" value="amd64"/>
    <property name="java.vm.specification.name" value="Java Virtual Machine Specification"/>
    <property name="java.awt.printerjob" value="sun.awt.windows.WPrinterJob"/>
    <property name="sun.os.patch.level" value=""/>
    <property name="java.library.path" value="C:\Program Files\JetBrains\IntelliJ IDEA Community Edition 2018.2.7\jre64\bin;C:\WINDOWS\Sun\Java\bin;C:\WINDOWS\system32;C:\WINDOWS;C:\Program Files (x86)\Google\Chrome\Application;C:\ProgramData\DockerDesktop\version-bin;C:\Program Files\Docker\Docker\Resources\bin;C:\Program Files (x86)\Intel\Intel(R) Management Engine Components\iCLS\;C:\Program Files\Intel\Intel(R) Management Engine Components\iCLS\;C:\Program Files (x86)\Common Files\Oracle\Java\javapath;C:\ProgramData\Oracle\Java\javapath;C:\WINDOWS\system32;C:\WINDOWS;C:\WINDOWS\System32\Wbem;C:\WINDOWS\System32\WindowsPowerShell\v1.0\;C:\WINDOWS\System32\OpenSSH\;C:\Program Files (x86)\IBM\Client Access\Emulator;C:\Program Files (x86)\IBM\Client Access\Shared;C:\Program Files (x86)\IBM\Client Access\;C:\Program Files (x86)\Sennheiser\SoftphoneSDK\;C:\Program Files (x86)\Kaspersky Lab\Kaspersky Endpoint Security 10 for Windows SP2\;C:\Program Files\Intel\WiFi\bin\;C:\Program Files\Common Files\Intel\WirelessCommon\;C:\Program Files\Git\cmd;%M2_HOME%\bin;C:\Program Files (x86)\Intel\Intel(R) Management Engine Components\DAL;C:\Program Files\Intel\Intel(R) Management Engine Components\DAL;C:\Program Files (x86)\Intel\Intel(R) Management Engine Components\IPT;C:\Program Files\Intel\Intel(R) Management Engine Components\IPT;C:\Users\Presenter\AppData\Local\Microsoft\WindowsApps;C:\Program Files\Intel\WiFi\bin\;C:\Program Files\Common Files\Intel\WirelessCommon\;C:\Program Files\Maven\bin;C:\Program Files\Gradle\bin;;."/>
    <property name="java.vm.info" value="mixed mode"/>
    <property name="java.vendor" value="JetBrains s.r.o"/>
    <property name="java.vm.version" value="25.152-b22"/>
    <property name="java.ext.dirs" value="C:\Program Files\JetBrains\IntelliJ IDEA Community Edition 2018.2.7\jre64\lib\ext;C:\WINDOWS\Sun\Java\lib\ext"/>
    <property name="sun.io.unicode.encoding" value="UnicodeLittle"/>
    <property name="java.class.version" value="52.0"/>
  </properties>
  <testcase name="testEquals1" classname="Testminus" time="0.008"/>
  <testcase name="testEquals2" classname="Testminus" time="0"/>
  <testcase name="testEquals3" classname="Testminus" time="0"/>
</testsuite>